<?xml version="1.0" encoding="UTF-8"?>
<!-- Generated by org.testng.reporters.JUnitReportReporter -->
<testsuite hostname="DESKTOP-4H5FPDV" failures="0" tests="6" name="textNGAnnotation.Da2TextNGAnnotation4" time="0.017" errors="0" timestamp="2023-09-09T13:20:21 IST" skipped="0">
  <testcase classname="textNGAnnotation.Da2TextNGAnnotation4" name="putmobile1" time="0.002"/>
  <system-out/>
  <testcase classname="textNGAnnotation.Da2TextNGAnnotation4" name="putmobile1" time="0.001"/>
  <system-out/>
  <testcase classname="textNGAnnotation.Da2TextNGAnnotation4" name="Valueputdata" time="0.008"/>
  <system-out/>
  <testcase classname="textNGAnnotation.Da2TextNGAnnotation4" name="putmobile1" time="0.002"/>
  <system-out/>
  <testcase classname="textNGAnnotation.Da2TextNGAnnotation4" name="putmobile2" time="0.001"/>
  <system-out/>
  <testcase classname="textNGAnnotation.Da2TextNGAnnotation4" name="putdata1" time="0.003"/>
  <system-out/>
</testsuite> <!-- textNGAnnotation.Da2TextNGAnnotation4 -->
