<?xml version="1.0" encoding="UTF-8"?>
<!-- Generated by org.testng.reporters.JUnitReportReporter -->
<testsuite hostname="DESKTOP-4H5FPDV" failures="0" tests="2" name="textNGAnnotation.Day1Annotation3" time="0.014" errors="0" timestamp="2023-04-16T11:32:50 IST" skipped="0">
  <testcase classname="textNGAnnotation.Day1Annotation3" name="setdata" time="0.012"/>
  <system-out/>
  <testcase classname="textNGAnnotation.Day1Annotation3" name="mapData" time="0.002"/>
  <system-out/>
</testsuite> <!-- textNGAnnotation.Day1Annotation3 -->
