<?xml version="1.0" encoding="UTF-8"?>
<!-- Generated by org.testng.reporters.JUnitReportReporter -->
<testsuite hostname="DESKTOP-4H5FPDV" failures="0" tests="6" name="textNGAnnotation.Da2TextNGAnnotation4" time="0.026" errors="0" timestamp="2023-04-16T11:32:50 IST" skipped="0">
  <testcase classname="textNGAnnotation.Da2TextNGAnnotation4" name="putmobile1" time="0.002"/>
  <system-out/>
  <testcase classname="textNGAnnotation.Da2TextNGAnnotation4" name="Valueputdata" time="0.012"/>
  <system-out/>
  <testcase classname="textNGAnnotation.Da2TextNGAnnotation4" name="putdata1" time="0.003"/>
  <system-out/>
  <testcase classname="textNGAnnotation.Da2TextNGAnnotation4" name="putmobile1" time="0.005"/>
  <system-out/>
  <testcase classname="textNGAnnotation.Da2TextNGAnnotation4" name="putmobile2" time="0.002"/>
  <system-out/>
  <testcase classname="textNGAnnotation.Da2TextNGAnnotation4" name="putmobile1" time="0.002"/>
  <system-out/>
</testsuite> <!-- textNGAnnotation.Da2TextNGAnnotation4 -->
