<?xml version="1.0" encoding="UTF-8"?>
<!-- Generated by org.testng.reporters.JUnitReportReporter -->
<testsuite hostname="DESKTOP-4H5FPDV" failures="0" tests="2" name="textNGAnnotation.Day1Annotation" time="0.007" errors="0" timestamp="2023-09-09T13:20:21 IST" skipped="1">
  <testcase classname="textNGAnnotation.Day1Annotation" name="getdata" time="0.007"/>
  <system-out/>
  <testcase classname="textNGAnnotation.Day1Annotation" name="setdata">
    <skipped/>
  </testcase> <!-- setdata -->
  <system-out/>
</testsuite> <!-- textNGAnnotation.Day1Annotation -->
